生成启动时间为 2018/6/6 22:38:08。
     1>项目“F:\代码每日一练\密码实验代码\密码实验代码\密码实验代码.vcxproj”在节点 2 上(build 个目标)。
     1>InitializeBuildStatus:
         正在创建“Debug\密码实验代码.unsuccessfulbuild”，因为已指定“AlwaysCreate”。
       ClCompile:
         C:\Program Files (x86)\Microsoft Visual Studio 10.0\VC\bin\CL.exe /c /ZI /nologo /W3 /WX- /Od /Oy- /D _UNICODE /D UNICODE /Gm /EHsc /RTC1 /MDd /GS /fp:precise /Zc:wchar_t /Zc:forScope /Fo"Debug\\" /Fd"Debug\vc100.pdb" /Gd /TP /analyze- /errorReport:prompt 1.cpp
         1.cpp
     1>f:\代码每日一练\密码实验代码\密码实验代码\1.cpp(133): warning C4334: “<<”: 32 位移位的结果被隐式转换为 64 位(是否希望进行 64 位移位?)
     1>f:\代码每日一练\密码实验代码\密码实验代码\1.cpp(285): warning C4996: 'scanf': This function or variable may be unsafe. Consider using scanf_s instead. To disable deprecation, use _CRT_SECURE_NO_WARNINGS. See online help for details.
                 c:\program files (x86)\microsoft visual studio 10.0\vc\include\stdio.h(304) : 参见“scanf”的声明
     1>f:\代码每日一练\密码实验代码\密码实验代码\1.cpp(321): warning C4244: “=”: 从“unsigned __int64”转换到“unsigned char”，可能丢失数据
       Link:
         C:\Program Files (x86)\Microsoft Visual Studio 10.0\VC\bin\link.exe /ERRORREPORT:PROMPT /OUT:"F:\代码每日一练\密码实验代码\Debug\密码实验代码.exe" /NOLOGO kernel32.lib user32.lib gdi32.lib winspool.lib comdlg32.lib advapi32.lib shell32.lib ole32.lib oleaut32.lib uuid.lib odbc32.lib odbccp32.lib /MANIFEST /ManifestFile:"Debug\密码实验代码.exe.intermediate.manifest" /MANIFESTUAC:"level='asInvoker' uiAccess='false'" /DEBUG /PDB:"F:\代码每日一练\密码实验代码\Debug\密码实验代码.pdb" /TLBID:1 /DYNAMICBASE /NXCOMPAT /IMPLIB:"F:\代码每日一练\密码实验代码\Debug\密码实验代码.lib" /MACHINE:X86 Debug\1.obj
         LINK : 没有找到 F:\代码每日一练\密码实验代码\Debug\密码实验代码.exe 或上一个增量链接没有生成它；正在执行完全链接
         密码实验代码.vcxproj -> F:\代码每日一练\密码实验代码\Debug\密码实验代码.exe
       Manifest:
         C:\Program Files (x86)\Microsoft SDKs\Windows\v7.0A\bin\mt.exe /nologo /verbose /outputresource:"F:\代码每日一练\密码实验代码\Debug\密码实验代码.exe;#1" /manifest "Debug\密码实验代码.exe.intermediate.manifest"
       FinalizeBuildStatus:
         正在删除文件“Debug\密码实验代码.unsuccessfulbuild”。
         正在对“Debug\密码实验代码.lastbuildstate”执行 Touch 任务。
     1>已完成生成项目“F:\代码每日一练\密码实验代码\密码实验代码\密码实验代码.vcxproj”(build 个目标)的操作。

生成成功。

已用时间 00:00:04.08
