生成启动时间为 2018/6/25 15:50:43。
     1>项目“F:\比特科技\code\五子棋1\五子棋1\五子棋1.vcxproj”在节点 2 上(build 个目标)。
     1>InitializeBuildStatus:
         正在创建“Release\五子棋1.unsuccessfulbuild”，因为已指定“AlwaysCreate”。
       ClCompile:
         C:\Program Files (x86)\Microsoft Visual Studio 10.0\VC\bin\CL.exe /c /Zi /nologo /W3 /WX- /O2 /Oi /Oy- /GL /D _UNICODE /D UNICODE /Gm- /EHsc /MD /GS /Gy /fp:precise /Zc:wchar_t /Zc:forScope /Fo"Release\\" /Fd"Release\vc100.pdb" /Gd /TP /analyze- /errorReport:prompt 1.cpp
         1.cpp
     1>1.cpp(270): warning C4996: 'getch': The POSIX name for this item is deprecated. Instead, use the ISO C++ conformant name: _getch. See online help for details.
                 C:\Program Files (x86)\Microsoft Visual Studio 10.0\VC\include\conio.h(128) : 参见“getch”的声明
       Link:
         C:\Program Files (x86)\Microsoft Visual Studio 10.0\VC\bin\link.exe /ERRORREPORT:PROMPT /OUT:"F:\比特科技\code\五子棋1\Release\五子棋1.exe" /NOLOGO kernel32.lib user32.lib gdi32.lib winspool.lib comdlg32.lib advapi32.lib shell32.lib ole32.lib oleaut32.lib uuid.lib odbc32.lib odbccp32.lib /MANIFEST /ManifestFile:"Release\五子棋1.exe.intermediate.manifest" /MANIFESTUAC:"level='asInvoker' uiAccess='false'" /DEBUG /PDB:"F:\比特科技\code\五子棋1\Release\五子棋1.pdb" /OPT:REF /OPT:ICF /LTCG /TLBID:1 /DYNAMICBASE /NXCOMPAT /IMPLIB:"F:\比特科技\code\五子棋1\Release\五子棋1.lib" /MACHINE:X86 Release\1.obj
         正在生成代码
         已完成代码的生成
         五子棋1.vcxproj -> F:\比特科技\code\五子棋1\Release\五子棋1.exe
       Manifest:
         C:\Program Files (x86)\Microsoft SDKs\Windows\v7.0A\bin\mt.exe /nologo /verbose /outputresource:"F:\比特科技\code\五子棋1\Release\五子棋1.exe;#1" /manifest "Release\五子棋1.exe.intermediate.manifest"
       FinalizeBuildStatus:
         正在删除文件“Release\五子棋1.unsuccessfulbuild”。
         正在对“Release\五子棋1.lastbuildstate”执行 Touch 任务。
     1>已完成生成项目“F:\比特科技\code\五子棋1\五子棋1\五子棋1.vcxproj”(build 个目标)的操作。

生成成功。

已用时间 00:00:02.44
